<?xml version="1.0" encoding="UTF-8"?>
<!-- Generated by org.testng.reporters.JUnitXMLReporter -->
<testsuite hostname="PPROPLESCH" ignored="0" name="Default test" tests="56" failures="0" timestamp="03 Aug 2017 13:14:39 GMT" time="0.173" errors="0">
  <testcase name="@BeforeClass setup" time="0.0" classname="eca.getQuoteTest.BaseClassTest">
    <failure type="org.testng.TestNGException" message="
Parameter &amp;apos;browser&amp;apos; is required by BeforeClass on method setup but has not been marked @Optional or defined
in C:\Users\abharath\AppData\Local\Temp\testng-eclipse-256522831\testng-customsuite.xml">
      <![CDATA[org.testng.TestNGException: 
Parameter 'browser' is required by BeforeClass on method setup but has not been marked @Optional or defined
in C:\Users\abharath\AppData\Local\Temp\testng-eclipse-256522831\testng-customsuite.xml
	at org.testng.internal.Parameters.createParameters(Parameters.java:199)
	at org.testng.internal.Parameters.createParameters(Parameters.java:443)
	at org.testng.internal.Parameters.createConfigurationParameters(Parameters.java:118)
	at org.testng.internal.Invoker.invokeConfigurations(Invoker.java:206)
	at org.testng.internal.Invoker.invokeConfigurations(Invoker.java:146)
	at org.testng.internal.TestMethodWorker.invokeBeforeClassMethods(TestMethodWorker.java:166)
	at org.testng.internal.TestMethodWorker.run(TestMethodWorker.java:105)
	at org.testng.TestRunner.privateRun(TestRunner.java:744)
	at org.testng.TestRunner.run(TestRunner.java:602)
	at org.testng.SuiteRunner.runTest(SuiteRunner.java:380)
	at org.testng.SuiteRunner.runSequentially(SuiteRunner.java:375)
	at org.testng.SuiteRunner.privateRun(SuiteRunner.java:340)
	at org.testng.SuiteRunner.run(SuiteRunner.java:289)
	at org.testng.SuiteRunnerWorker.runSuite(SuiteRunnerWorker.java:52)
	at org.testng.SuiteRunnerWorker.run(SuiteRunnerWorker.java:86)
	at org.testng.TestNG.runSuitesSequentially(TestNG.java:1301)
	at org.testng.TestNG.runSuitesLocally(TestNG.java:1226)
	at org.testng.TestNG.runSuites(TestNG.java:1144)
	at org.testng.TestNG.run(TestNG.java:1115)
	at org.testng.remote.AbstractRemoteTestNG.run(AbstractRemoteTestNG.java:132)
	at org.testng.remote.RemoteTestNG.initAndRun(RemoteTestNG.java:230)
	at org.testng.remote.RemoteTestNG.main(RemoteTestNG.java:76)
]]>
    </failure>
  </testcase> <!-- @BeforeClass setup -->
  <testcase name="@BeforeClass beforeClass" time="0.0" classname="eca.blogDetailsTest.BlogPageTest">
    <skipped/>
  </testcase> <!-- @BeforeClass beforeClass -->
  <testcase name="@BeforeMethod methodName" time="0.0" classname="eca.getQuoteTest.BaseClassTest">
    <skipped/>
  </testcase> <!-- @BeforeMethod methodName -->
  <testcase name="@BeforeClass setup" time="0.0" classname="eca.getQuoteTest.BaseClassTest">
    <skipped/>
  </testcase> <!-- @BeforeClass setup -->
  <testcase name="@BeforeClass beforeClass" time="0.0" classname="eca.serviceCenterPagesTest.RightRailFormTest">
    <skipped/>
  </testcase> <!-- @BeforeClass beforeClass -->
  <testcase name="@BeforeMethod methodName" time="0.0" classname="eca.getQuoteTest.BaseClassTest">
    <skipped/>
  </testcase> <!-- @BeforeMethod methodName -->
  <testcase name="@BeforeClass setup" time="0.0" classname="eca.getQuoteTest.BaseClassTest">
    <skipped/>
  </testcase> <!-- @BeforeClass setup -->
  <testcase name="@BeforeClass beforeClass" time="0.0" classname="eca.getQuoteTest.GetHomeAndFooterQuoteTest">
    <skipped/>
  </testcase> <!-- @BeforeClass beforeClass -->
  <testcase name="@BeforeMethod methodName" time="0.0" classname="eca.getQuoteTest.BaseClassTest">
    <skipped/>
  </testcase> <!-- @BeforeMethod methodName -->
  <testcase name="@BeforeClass setup" time="0.0" classname="eca.getQuoteTest.BaseClassTest">
    <skipped/>
  </testcase> <!-- @BeforeClass setup -->
  <testcase name="@BeforeClass beforeClass" time="0.0" classname="eca.getQuoteTest.GetPaperShredQuoteTest">
    <skipped/>
  </testcase> <!-- @BeforeClass beforeClass -->
  <testcase name="@BeforeMethod methodName" time="0.0" classname="eca.getQuoteTest.BaseClassTest">
    <skipped/>
  </testcase> <!-- @BeforeMethod methodName -->
  <testcase name="@AfterClass close" time="0.0" classname="eca.getQuoteTest.BaseClassTest">
    <skipped/>
  </testcase> <!-- @AfterClass close -->
  <testcase name="@AfterClass close" time="0.0" classname="eca.getQuoteTest.BaseClassTest">
    <skipped/>
  </testcase> <!-- @AfterClass close -->
  <testcase name="@BeforeClass setup" time="0.0" classname="eca.getQuoteTest.BaseClassTest">
    <skipped/>
  </testcase> <!-- @BeforeClass setup -->
  <testcase name="@BeforeClass beforeClass" time="0.0" classname="eca.getQuoteTest.GetHardDriverQuoteTest">
    <skipped/>
  </testcase> <!-- @BeforeClass beforeClass -->
  <testcase name="@BeforeMethod methodName" time="0.0" classname="eca.getQuoteTest.BaseClassTest">
    <skipped/>
  </testcase> <!-- @BeforeMethod methodName -->
  <testcase name="@AfterClass close" time="0.0" classname="eca.getQuoteTest.BaseClassTest">
    <skipped/>
  </testcase> <!-- @AfterClass close -->
  <testcase name="@AfterClass close" time="0.0" classname="eca.getQuoteTest.BaseClassTest">
    <skipped/>
  </testcase> <!-- @AfterClass close -->
  <testcase name="@BeforeClass setup" time="0.0" classname="eca.getQuoteTest.BaseClassTest">
    <skipped/>
  </testcase> <!-- @BeforeClass setup -->
  <testcase name="@BeforeClass beforeClass" time="0.0" classname="eca.serviceCenterPagesTest.ServiceCenterWidgetTest">
    <skipped/>
  </testcase> <!-- @BeforeClass beforeClass -->
  <testcase name="@BeforeMethod methodName" time="0.0" classname="eca.getQuoteTest.BaseClassTest">
    <skipped/>
  </testcase> <!-- @BeforeMethod methodName -->
  <testcase name="@AfterClass close" time="0.0" classname="eca.getQuoteTest.BaseClassTest">
    <skipped/>
  </testcase> <!-- @AfterClass close -->
  <testcase name="@AfterClass close" time="0.0" classname="eca.getQuoteTest.BaseClassTest">
    <skipped/>
  </testcase> <!-- @AfterClass close -->
  <testcase name="@BeforeClass setup" time="0.0" classname="eca.getQuoteTest.BaseClassTest">
    <skipped/>
  </testcase> <!-- @BeforeClass setup -->
  <testcase name="@BeforeClass beforeClass" time="0.0" classname="eca.signUpTest.SignUpTest">
    <skipped/>
  </testcase> <!-- @BeforeClass beforeClass -->
  <testcase name="@BeforeMethod methodName" time="0.0" classname="eca.getQuoteTest.BaseClassTest">
    <skipped/>
  </testcase> <!-- @BeforeMethod methodName -->
  <testcase name="@AfterClass close" time="0.0" classname="eca.getQuoteTest.BaseClassTest">
    <skipped/>
  </testcase> <!-- @AfterClass close -->
  <testcase name="testBannerContents" time="0.001" classname="eca.blogDetailsTest.BlogPageTest">
    <skipped/>
  </testcase> <!-- testBannerContents -->
  <testcase name="testRequestQuoteDisplay" time="0.0" classname="eca.serviceCenterPagesTest.RightRailFormTest">
    <skipped/>
  </testcase> <!-- testRequestQuoteDisplay -->
  <testcase name="homeOnePurgeQuote" time="0.0" classname="eca.getQuoteTest.GetHomeAndFooterQuoteTest">
    <skipped/>
  </testcase> <!-- homeOnePurgeQuote -->
  <testcase name="paperShred_Header_OneTimePaperQuote" time="0.0" classname="eca.getQuoteTest.GetPaperShredQuoteTest">
    <skipped/>
  </testcase> <!-- paperShred_Header_OneTimePaperQuote -->
  <testcase name="testContinueReadingLink" time="0.0" classname="eca.blogDetailsTest.BlogPageTest">
    <skipped/>
  </testcase> <!-- testContinueReadingLink -->
  <testcase name="testRequestAQuotePurgePaper" time="0.0" classname="eca.serviceCenterPagesTest.RightRailFormTest">
    <skipped/>
  </testcase> <!-- testRequestAQuotePurgePaper -->
  <testcase name="homeRegularPaperQuote" time="0.0" classname="eca.getQuoteTest.GetHomeAndFooterQuoteTest">
    <skipped/>
  </testcase> <!-- homeRegularPaperQuote -->
  <testcase name="paperShred_Header_RegularPaperQuote" time="0.0" classname="eca.getQuoteTest.GetPaperShredQuoteTest">
    <skipped/>
  </testcase> <!-- paperShred_Header_RegularPaperQuote -->
  <testcase name="testSubscribeBlog" time="0.0" classname="eca.blogDetailsTest.BlogPageTest">
    <skipped/>
  </testcase> <!-- testSubscribeBlog -->
  <testcase name="testRequestAQuoteRegularPaper" time="0.0" classname="eca.serviceCenterPagesTest.RightRailFormTest">
    <skipped/>
  </testcase> <!-- testRequestAQuoteRegularPaper -->
  <testcase name="homeHardDriveQuote" time="0.0" classname="eca.getQuoteTest.GetHomeAndFooterQuoteTest">
    <skipped/>
  </testcase> <!-- homeHardDriveQuote -->
  <testcase name="paperShred_Header_HardDriveQuote" time="0.0" classname="eca.getQuoteTest.GetPaperShredQuoteTest">
    <skipped/>
  </testcase> <!-- paperShred_Header_HardDriveQuote -->
  <testcase name="testEmailValidation" time="0.0" classname="eca.blogDetailsTest.BlogPageTest">
    <skipped/>
  </testcase> <!-- testEmailValidation -->
  <testcase name="testRequestAQuotePurgeHardDrive" time="0.0" classname="eca.serviceCenterPagesTest.RightRailFormTest">
    <skipped/>
  </testcase> <!-- testRequestAQuotePurgeHardDrive -->
  <testcase name="homeOtherMaterialQuote" time="0.0" classname="eca.getQuoteTest.GetHomeAndFooterQuoteTest">
    <skipped/>
  </testcase> <!-- homeOtherMaterialQuote -->
  <testcase name="paperShred_Header_OtherMaterialQuote" time="0.0" classname="eca.getQuoteTest.GetPaperShredQuoteTest">
    <skipped/>
  </testcase> <!-- paperShred_Header_OtherMaterialQuote -->
  <testcase name="testArchivesContent" time="0.0" classname="eca.blogDetailsTest.BlogPageTest">
    <skipped/>
  </testcase> <!-- testArchivesContent -->
  <testcase name="testBottomRailWidget" time="0.0" classname="eca.blogDetailsTest.BlogPageTest">
    <skipped/>
  </testcase> <!-- testBottomRailWidget -->
  <testcase name="testOlderPostButton" time="0.0" classname="eca.blogDetailsTest.BlogPageTest">
    <skipped/>
  </testcase> <!-- testOlderPostButton -->
  <testcase name="testRequestAQuoteOther" time="0.0" classname="eca.serviceCenterPagesTest.RightRailFormTest">
    <skipped/>
  </testcase> <!-- testRequestAQuoteOther -->
  <testcase name="footerOnePurgeQuote" time="0.0" classname="eca.getQuoteTest.GetHomeAndFooterQuoteTest">
    <skipped/>
  </testcase> <!-- footerOnePurgeQuote -->
  <testcase name="paperShredding_OneTime_PaperQuote" time="0.0" classname="eca.getQuoteTest.GetPaperShredQuoteTest">
    <skipped/>
  </testcase> <!-- paperShredding_OneTime_PaperQuote -->
  <testcase name="testRssButton" time="0.0" classname="eca.blogDetailsTest.BlogPageTest">
    <skipped/>
  </testcase> <!-- testRssButton -->
  <testcase name="footerRegularPaperQuote" time="0.0" classname="eca.getQuoteTest.GetHomeAndFooterQuoteTest">
    <skipped/>
  </testcase> <!-- footerRegularPaperQuote -->
  <testcase name="paperShredding_OneTime_RegularPaperQuote" time="0.0" classname="eca.getQuoteTest.GetPaperShredQuoteTest">
    <skipped/>
  </testcase> <!-- paperShredding_OneTime_RegularPaperQuote -->
  <testcase name="hdDestruction_Header_OneTimePaperQuote" time="0.0" classname="eca.getQuoteTest.GetHardDriverQuoteTest">
    <skipped/>
  </testcase> <!-- hdDestruction_Header_OneTimePaperQuote -->
  <testcase name="footerHardDriveQuote" time="0.0" classname="eca.getQuoteTest.GetHomeAndFooterQuoteTest">
    <skipped/>
  </testcase> <!-- footerHardDriveQuote -->
  <testcase name="paperShredding_OneTime_HardDriveQuote" time="0.0" classname="eca.getQuoteTest.GetPaperShredQuoteTest">
    <skipped/>
  </testcase> <!-- paperShredding_OneTime_HardDriveQuote -->
  <testcase name="hdDestruction_Header_RegularPaperQuote" time="0.0" classname="eca.getQuoteTest.GetHardDriverQuoteTest">
    <skipped/>
  </testcase> <!-- hdDestruction_Header_RegularPaperQuote -->
  <testcase name="footerOtherMaterialQuote" time="0.0" classname="eca.getQuoteTest.GetHomeAndFooterQuoteTest">
    <skipped/>
  </testcase> <!-- footerOtherMaterialQuote -->
  <testcase name="paperShredding_OneTime_OtherMaterialQuote" time="0.0" classname="eca.getQuoteTest.GetPaperShredQuoteTest">
    <skipped/>
  </testcase> <!-- paperShredding_OneTime_OtherMaterialQuote -->
  <testcase name="hdDestruction_Header_HardDriveQuote" time="0.0" classname="eca.getQuoteTest.GetHardDriverQuoteTest">
    <skipped/>
  </testcase> <!-- hdDestruction_Header_HardDriveQuote -->
  <testcase name="paperShredding_Regularly_PaperQuote" time="0.0" classname="eca.getQuoteTest.GetPaperShredQuoteTest">
    <skipped/>
  </testcase> <!-- paperShredding_Regularly_PaperQuote -->
  <testcase name="hdDestruction_Header_OtherMaterialQuote" time="0.0" classname="eca.getQuoteTest.GetHardDriverQuoteTest">
    <skipped/>
  </testcase> <!-- hdDestruction_Header_OtherMaterialQuote -->
  <testcase name="paperShredding_Regularly_RegularPaperQuote" time="0.0" classname="eca.getQuoteTest.GetPaperShredQuoteTest">
    <skipped/>
  </testcase> <!-- paperShredding_Regularly_RegularPaperQuote -->
  <testcase name="hdDestruction_Shearing_PaperQuote" time="0.0" classname="eca.getQuoteTest.GetHardDriverQuoteTest">
    <skipped/>
  </testcase> <!-- hdDestruction_Shearing_PaperQuote -->
  <testcase name="paperShredding_Regularly_HardDriveQuote" time="0.0" classname="eca.getQuoteTest.GetPaperShredQuoteTest">
    <skipped/>
  </testcase> <!-- paperShredding_Regularly_HardDriveQuote -->
  <testcase name="hdDestruction_Shearing__RegularPaperQuote" time="0.0" classname="eca.getQuoteTest.GetHardDriverQuoteTest">
    <skipped/>
  </testcase> <!-- hdDestruction_Shearing__RegularPaperQuote -->
  <testcase name="paperShredding_Regularly_OtherMaterialQuote" time="0.0" classname="eca.getQuoteTest.GetPaperShredQuoteTest">
    <skipped/>
  </testcase> <!-- paperShredding_Regularly_OtherMaterialQuote -->
  <testcase name="hdDestruction_Shearing__HardDriveQuote" time="0.0" classname="eca.getQuoteTest.GetHardDriverQuoteTest">
    <skipped/>
  </testcase> <!-- hdDestruction_Shearing__HardDriveQuote -->
  <testcase name="testTitleVerification" time="0.0" classname="eca.serviceCenterPagesTest.ServiceCenterWidgetTest">
    <skipped/>
  </testcase> <!-- testTitleVerification -->
  <testcase name="hdDestruction_Shearing__OtherMaterialQuote" time="0.0" classname="eca.getQuoteTest.GetHardDriverQuoteTest">
    <skipped/>
  </testcase> <!-- hdDestruction_Shearing__OtherMaterialQuote -->
  <testcase name="testDescriptionVerification" time="0.0" classname="eca.serviceCenterPagesTest.ServiceCenterWidgetTest">
    <skipped/>
  </testcase> <!-- testDescriptionVerification -->
  <testcase name="hdDestruction_Crushing_PaperQuote" time="0.0" classname="eca.getQuoteTest.GetHardDriverQuoteTest">
    <skipped/>
  </testcase> <!-- hdDestruction_Crushing_PaperQuote -->
  <testcase name="testCommunitieServed" time="0.0" classname="eca.serviceCenterPagesTest.ServiceCenterWidgetTest">
    <skipped/>
  </testcase> <!-- testCommunitieServed -->
  <testcase name="hdDestruction_Crushing_RegularPaperQuote" time="0.0" classname="eca.getQuoteTest.GetHardDriverQuoteTest">
    <skipped/>
  </testcase> <!-- hdDestruction_Crushing_RegularPaperQuote -->
  <testcase name="testBottomRail" time="0.0" classname="eca.serviceCenterPagesTest.ServiceCenterWidgetTest">
    <skipped/>
  </testcase> <!-- testBottomRail -->
  <testcase name="hdDestruction_Crushing_HardDriveQuote" time="0.0" classname="eca.getQuoteTest.GetHardDriverQuoteTest">
    <skipped/>
  </testcase> <!-- hdDestruction_Crushing_HardDriveQuote -->
  <testcase name="testHeaderContactNumber" time="0.0" classname="eca.serviceCenterPagesTest.ServiceCenterWidgetTest">
    <skipped/>
  </testcase> <!-- testHeaderContactNumber -->
  <testcase name="hdDestruction_Crushing_OtherMaterialQuote" time="0.0" classname="eca.getQuoteTest.GetHardDriverQuoteTest">
    <skipped/>
  </testcase> <!-- hdDestruction_Crushing_OtherMaterialQuote -->
  <testcase name="homeSignupTest" time="0.0" classname="eca.signUpTest.SignUpTest">
    <skipped/>
  </testcase> <!-- homeSignupTest -->
  <testcase name="serviceSignupTest" time="0.0" classname="eca.signUpTest.SignUpTest">
    <skipped/>
  </testcase> <!-- serviceSignupTest -->
  <testcase name="pricingSignUpTest" time="0.0" classname="eca.signUpTest.SignUpTest">
    <skipped/>
  </testcase> <!-- pricingSignUpTest -->
  <testcase name="resourceCenterSignUpTest" time="0.0" classname="eca.signUpTest.SignUpTest">
    <skipped/>
  </testcase> <!-- resourceCenterSignUpTest -->
  <testcase name="aboutSignUpTest" time="0.0" classname="eca.signUpTest.SignUpTest">
    <skipped/>
  </testcase> <!-- aboutSignUpTest -->
  <testcase name="faqsSignUpTest" time="0.0" classname="eca.signUpTest.SignUpTest">
    <skipped/>
  </testcase> <!-- faqsSignUpTest -->
</testsuite> <!-- Default test -->
