<?xml version="1.0" encoding="UTF-8"?>
<!-- Generated by org.testng.reporters.JUnitXMLReporter -->
<testsuite hostname="PPROPLESCH" name="Test" tests="56" failures="0" timestamp="3 Aug 2017 13:18:44 GMT" time="235.154" errors="0">
  <testcase name="testBannerContents" time="0.0" classname="eca.blogDetailsTest.BlogPageTest"/>
  <testcase name="testContinueReadingLink" time="5.889" classname="eca.blogDetailsTest.BlogPageTest"/>
  <testcase name="testSubscribeBlog" time="0.03" classname="eca.blogDetailsTest.BlogPageTest"/>
  <testcase name="testEmailValidation" time="1.248" classname="eca.blogDetailsTest.BlogPageTest"/>
  <testcase name="testArchivesContent" time="0.044" classname="eca.blogDetailsTest.BlogPageTest"/>
  <testcase name="testBottomRailWidget" time="0.0" classname="eca.blogDetailsTest.BlogPageTest"/>
  <testcase name="testOlderPostButton" time="0.04" classname="eca.blogDetailsTest.BlogPageTest"/>
  <testcase name="testRssButton" time="5.145" classname="eca.blogDetailsTest.BlogPageTest"/>
  <testcase name="homeOnePurgeQuote" time="10.061" classname="eca.getQuoteTest.GetHomeAndFooterQuoteTest"/>
  <testcase name="homeRegularPaperQuote" time="4.229" classname="eca.getQuoteTest.GetHomeAndFooterQuoteTest"/>
  <testcase name="homeHardDriveQuote" time="3.651" classname="eca.getQuoteTest.GetHomeAndFooterQuoteTest"/>
  <testcase name="homeOtherMaterialQuote" time="3.881" classname="eca.getQuoteTest.GetHomeAndFooterQuoteTest"/>
  <testcase name="footerOnePurgeQuote" time="3.731" classname="eca.getQuoteTest.GetHomeAndFooterQuoteTest"/>
  <testcase name="footerRegularPaperQuote" time="3.857" classname="eca.getQuoteTest.GetHomeAndFooterQuoteTest"/>
  <testcase name="footerHardDriveQuote" time="3.671" classname="eca.getQuoteTest.GetHomeAndFooterQuoteTest"/>
  <testcase name="footerOtherMaterialQuote" time="3.798" classname="eca.getQuoteTest.GetHomeAndFooterQuoteTest"/>
  <testcase name="paperShred_Header_OneTimePaperQuote" time="5.473" classname="eca.getQuoteTest.GetPaperShredQuoteTest"/>
  <testcase name="paperShred_Header_RegularPaperQuote" time="3.661" classname="eca.getQuoteTest.GetPaperShredQuoteTest"/>
  <testcase name="paperShred_Header_HardDriveQuote" time="3.946" classname="eca.getQuoteTest.GetPaperShredQuoteTest"/>
  <testcase name="paperShred_Header_OtherMaterialQuote" time="3.541" classname="eca.getQuoteTest.GetPaperShredQuoteTest"/>
  <testcase name="paperShredding_OneTime_PaperQuote" time="3.71" classname="eca.getQuoteTest.GetPaperShredQuoteTest"/>
  <testcase name="paperShredding_OneTime_RegularPaperQuote" time="3.618" classname="eca.getQuoteTest.GetPaperShredQuoteTest"/>
  <testcase name="paperShredding_OneTime_HardDriveQuote" time="3.534" classname="eca.getQuoteTest.GetPaperShredQuoteTest"/>
  <testcase name="paperShredding_OneTime_OtherMaterialQuote" time="3.475" classname="eca.getQuoteTest.GetPaperShredQuoteTest"/>
  <testcase name="paperShredding_Regularly_PaperQuote" time="3.504" classname="eca.getQuoteTest.GetPaperShredQuoteTest"/>
  <testcase name="paperShredding_Regularly_RegularPaperQuote" time="3.571" classname="eca.getQuoteTest.GetPaperShredQuoteTest"/>
  <testcase name="paperShredding_Regularly_HardDriveQuote" time="3.55" classname="eca.getQuoteTest.GetPaperShredQuoteTest"/>
  <testcase name="paperShredding_Regularly_OtherMaterialQuote" time="3.599" classname="eca.getQuoteTest.GetPaperShredQuoteTest"/>
  <testcase name="hdDestruction_Header_OneTimePaperQuote" time="5.716" classname="eca.getQuoteTest.GetHardDriverQuoteTest"/>
  <testcase name="hdDestruction_Header_RegularPaperQuote" time="3.508" classname="eca.getQuoteTest.GetHardDriverQuoteTest"/>
  <testcase name="hdDestruction_Header_HardDriveQuote" time="3.55" classname="eca.getQuoteTest.GetHardDriverQuoteTest"/>
  <testcase name="hdDestruction_Header_OtherMaterialQuote" time="3.596" classname="eca.getQuoteTest.GetHardDriverQuoteTest"/>
  <testcase name="hdDestruction_Shearing_PaperQuote" time="4.081" classname="eca.getQuoteTest.GetHardDriverQuoteTest"/>
  <testcase name="hdDestruction_Shearing__RegularPaperQuote" time="3.603" classname="eca.getQuoteTest.GetHardDriverQuoteTest"/>
  <testcase name="hdDestruction_Shearing__HardDriveQuote" time="3.428" classname="eca.getQuoteTest.GetHardDriverQuoteTest"/>
  <testcase name="hdDestruction_Shearing__OtherMaterialQuote" time="3.64" classname="eca.getQuoteTest.GetHardDriverQuoteTest"/>
  <testcase name="hdDestruction_Crushing_PaperQuote" time="3.663" classname="eca.getQuoteTest.GetHardDriverQuoteTest"/>
  <testcase name="hdDestruction_Crushing_RegularPaperQuote" time="3.57" classname="eca.getQuoteTest.GetHardDriverQuoteTest"/>
  <testcase name="hdDestruction_Crushing_HardDriveQuote" time="3.476" classname="eca.getQuoteTest.GetHardDriverQuoteTest"/>
  <testcase name="hdDestruction_Crushing_OtherMaterialQuote" time="3.445" classname="eca.getQuoteTest.GetHardDriverQuoteTest"/>
  <testcase name="homeSignupTest" time="1.482" classname="eca.signUpTest.SignUpTest"/>
  <testcase name="serviceSignupTest" time="3.47" classname="eca.signUpTest.SignUpTest"/>
  <testcase name="pricingSignUpTest" time="3.121" classname="eca.signUpTest.SignUpTest"/>
  <testcase name="resourceCenterSignUpTest" time="5.014" classname="eca.signUpTest.SignUpTest"/>
  <testcase name="aboutSignUpTest" time="3.733" classname="eca.signUpTest.SignUpTest"/>
  <testcase name="faqsSignUpTest" time="3.439" classname="eca.signUpTest.SignUpTest"/>
  <testcase name="testTitleVerification" time="3.887" classname="eca.serviceCenterPagesTest.ServiceCenterWidgetTest"/>
  <testcase name="testDescriptionVerification" time="1.038" classname="eca.serviceCenterPagesTest.ServiceCenterWidgetTest"/>
  <testcase name="testCommunitieServed" time="0.02" classname="eca.serviceCenterPagesTest.ServiceCenterWidgetTest"/>
  <testcase name="testBottomRail" time="0.027" classname="eca.serviceCenterPagesTest.ServiceCenterWidgetTest"/>
  <testcase name="testHeaderContactNumber" time="1.066" classname="eca.serviceCenterPagesTest.ServiceCenterWidgetTest"/>
  <testcase name="testRequestQuoteDisplay" time="2.477" classname="eca.serviceCenterPagesTest.RightRailFormTest"/>
  <testcase name="testRequestAQuotePurgePaper" time="1.974" classname="eca.serviceCenterPagesTest.RightRailFormTest"/>
  <testcase name="testRequestAQuoteRegularPaper" time="4.023" classname="eca.serviceCenterPagesTest.RightRailFormTest"/>
  <testcase name="testRequestAQuotePurgeHardDrive" time="3.74" classname="eca.serviceCenterPagesTest.RightRailFormTest"/>
  <testcase name="testRequestAQuoteOther" time="3.744" classname="eca.serviceCenterPagesTest.RightRailFormTest"/>
</testsuite> <!-- Test -->
