<?xml version="1.0" encoding="UTF-8"?>
<testsuite name="TestSuite" time="181.998" tests="56" errors="0" skipped="0" failures="0">
  <properties>
[...]
</properties>
  <testcase name="testBannerContents" classname="eca.blogDetailsTest.BlogPageTest" time="0.001"/>
  <testcase name="testContinueReadingLink" classname="eca.blogDetailsTest.BlogPageTest" time="5.889"/>
  <testcase name="testSubscribeBlog" classname="eca.blogDetailsTest.BlogPageTest" time="0.029"/>
  <testcase name="testEmailValidation" classname="eca.blogDetailsTest.BlogPageTest" time="1.248"/>
  <testcase name="testArchivesContent" classname="eca.blogDetailsTest.BlogPageTest" time="0.044"/>
  <testcase name="testBottomRailWidget" classname="eca.blogDetailsTest.BlogPageTest" time="0"/>
  <testcase name="testOlderPostButton" classname="eca.blogDetailsTest.BlogPageTest" time="0.04"/>
  <testcase name="testRssButton" classname="eca.blogDetailsTest.BlogPageTest" time="5.145"/>
  <testcase name="homeOnePurgeQuote" classname="eca.getQuoteTest.GetHomeAndFooterQuoteTest" time="10.061"/>
  <testcase name="homeRegularPaperQuote" classname="eca.getQuoteTest.GetHomeAndFooterQuoteTest" time="4.229"/>
  <testcase name="homeHardDriveQuote" classname="eca.getQuoteTest.GetHomeAndFooterQuoteTest" time="3.652"/>
  <testcase name="homeOtherMaterialQuote" classname="eca.getQuoteTest.GetHomeAndFooterQuoteTest" time="3.881"/>
  <testcase name="footerOnePurgeQuote" classname="eca.getQuoteTest.GetHomeAndFooterQuoteTest" time="3.731"/>
  <testcase name="footerRegularPaperQuote" classname="eca.getQuoteTest.GetHomeAndFooterQuoteTest" time="3.857"/>
  <testcase name="footerHardDriveQuote" classname="eca.getQuoteTest.GetHomeAndFooterQuoteTest" time="3.671"/>
  <testcase name="footerOtherMaterialQuote" classname="eca.getQuoteTest.GetHomeAndFooterQuoteTest" time="3.798"/>
  <testcase name="paperShred_Header_OneTimePaperQuote" classname="eca.getQuoteTest.GetPaperShredQuoteTest" time="5.473"/>
  <testcase name="paperShred_Header_RegularPaperQuote" classname="eca.getQuoteTest.GetPaperShredQuoteTest" time="3.662"/>
  <testcase name="paperShred_Header_HardDriveQuote" classname="eca.getQuoteTest.GetPaperShredQuoteTest" time="3.947"/>
  <testcase name="paperShred_Header_OtherMaterialQuote" classname="eca.getQuoteTest.GetPaperShredQuoteTest" time="3.542"/>
  <testcase name="paperShredding_OneTime_PaperQuote" classname="eca.getQuoteTest.GetPaperShredQuoteTest" time="3.711"/>
  <testcase name="paperShredding_OneTime_RegularPaperQuote" classname="eca.getQuoteTest.GetPaperShredQuoteTest" time="3.619"/>
  <testcase name="paperShredding_OneTime_HardDriveQuote" classname="eca.getQuoteTest.GetPaperShredQuoteTest" time="3.534"/>
  <testcase name="paperShredding_OneTime_OtherMaterialQuote" classname="eca.getQuoteTest.GetPaperShredQuoteTest" time="3.475"/>
  <testcase name="paperShredding_Regularly_PaperQuote" classname="eca.getQuoteTest.GetPaperShredQuoteTest" time="3.504"/>
  <testcase name="paperShredding_Regularly_RegularPaperQuote" classname="eca.getQuoteTest.GetPaperShredQuoteTest" time="3.571"/>
  <testcase name="paperShredding_Regularly_HardDriveQuote" classname="eca.getQuoteTest.GetPaperShredQuoteTest" time="3.55"/>
  <testcase name="paperShredding_Regularly_OtherMaterialQuote" classname="eca.getQuoteTest.GetPaperShredQuoteTest" time="3.599"/>
  <testcase name="hdDestruction_Header_OneTimePaperQuote" classname="eca.getQuoteTest.GetHardDriverQuoteTest" time="5.716"/>
  <testcase name="hdDestruction_Header_RegularPaperQuote" classname="eca.getQuoteTest.GetHardDriverQuoteTest" time="3.508"/>
  <testcase name="hdDestruction_Header_HardDriveQuote" classname="eca.getQuoteTest.GetHardDriverQuoteTest" time="3.55"/>
  <testcase name="hdDestruction_Header_OtherMaterialQuote" classname="eca.getQuoteTest.GetHardDriverQuoteTest" time="3.597"/>
  <testcase name="hdDestruction_Shearing_PaperQuote" classname="eca.getQuoteTest.GetHardDriverQuoteTest" time="4.081"/>
  <testcase name="hdDestruction_Shearing__RegularPaperQuote" classname="eca.getQuoteTest.GetHardDriverQuoteTest" time="3.604"/>
  <testcase name="hdDestruction_Shearing__HardDriveQuote" classname="eca.getQuoteTest.GetHardDriverQuoteTest" time="3.428"/>
  <testcase name="hdDestruction_Shearing__OtherMaterialQuote" classname="eca.getQuoteTest.GetHardDriverQuoteTest" time="3.641"/>
  <testcase name="hdDestruction_Crushing_PaperQuote" classname="eca.getQuoteTest.GetHardDriverQuoteTest" time="3.663"/>
  <testcase name="hdDestruction_Crushing_RegularPaperQuote" classname="eca.getQuoteTest.GetHardDriverQuoteTest" time="3.57"/>
  <testcase name="hdDestruction_Crushing_HardDriveQuote" classname="eca.getQuoteTest.GetHardDriverQuoteTest" time="3.476"/>
  <testcase name="hdDestruction_Crushing_OtherMaterialQuote" classname="eca.getQuoteTest.GetHardDriverQuoteTest" time="3.445"/>
  <testcase name="homeSignupTest" classname="eca.signUpTest.SignUpTest" time="1.482"/>
  <testcase name="serviceSignupTest" classname="eca.signUpTest.SignUpTest" time="3.47"/>
  <testcase name="pricingSignUpTest" classname="eca.signUpTest.SignUpTest" time="3.122"/>
  <testcase name="resourceCenterSignUpTest" classname="eca.signUpTest.SignUpTest" time="5.015"/>
  <testcase name="aboutSignUpTest" classname="eca.signUpTest.SignUpTest" time="3.733"/>
  <testcase name="faqsSignUpTest" classname="eca.signUpTest.SignUpTest" time="3.439"/>
  <testcase name="testTitleVerification" classname="eca.serviceCenterPagesTest.ServiceCenterWidgetTest" time="3.887"/>
  <testcase name="testDescriptionVerification" classname="eca.serviceCenterPagesTest.ServiceCenterWidgetTest" time="1.037"/>
  <testcase name="testCommunitieServed" classname="eca.serviceCenterPagesTest.ServiceCenterWidgetTest" time="0.02"/>
  <testcase name="testBottomRail" classname="eca.serviceCenterPagesTest.ServiceCenterWidgetTest" time="0.027"/>
  <testcase name="testHeaderContactNumber" classname="eca.serviceCenterPagesTest.ServiceCenterWidgetTest" time="1.066"/>
  <testcase name="testRequestQuoteDisplay" classname="eca.serviceCenterPagesTest.RightRailFormTest" time="2.477"/>
  <testcase name="testRequestAQuotePurgePaper" classname="eca.serviceCenterPagesTest.RightRailFormTest" time="1.974"/>
  <testcase name="testRequestAQuoteRegularPaper" classname="eca.serviceCenterPagesTest.RightRailFormTest" time="4.023"/>
  <testcase name="testRequestAQuotePurgeHardDrive" classname="eca.serviceCenterPagesTest.RightRailFormTest" time="3.74"/>
  <testcase name="testRequestAQuoteOther" classname="eca.serviceCenterPagesTest.RightRailFormTest" time="3.744"/>
</testsuite>